<?xml version="1.0" encoding="UTF-8"?>
<!-- Generated by org.testng.reporters.JUnitXMLReporter -->
<testsuite hostname="DESKTOP-QL74M3G" ignored="0" name="Test" tests="3" failures="0" timestamp="18 Mar 2020 08:00:40 GMT" time="20.719" errors="0">
  <testcase name="LogoPresence" time="0.173" classname="AllureReports.Tests"/>
  <testcase name="logintest" time="2.272" classname="AllureReports.Tests"/>
  <testcase name="Resgistration" time="0.003" classname="AllureReports.Tests">
    <skipped/>
  </testcase> <!-- Resgistration -->
</testsuite> <!-- Test -->
